<?xml version="1.0" encoding="UTF-8"?>
<!-- Generated by org.testng.reporters.JUnitXMLReporter -->
<testsuite hostname="XENAPTCSTEST1" name="Default test" tests="1" failures="1" timestamp="21 Nov 2016 08:22:10 GMT" time="48.562" errors="0">
  <testcase name="testMovie" time="48.538" classname="com.yousee.test.YoseeFilm">
    <failure type="org.openqa.selenium.WebDriverException" message="Failed to connect to binary FirefoxBinary(F:\Program Files (x86)\Mozilla Firefox\firefox.exe) on port 7055; process output follows: 
al Testing to work with Firefox.&amp;quot;,&amp;quot;creator&amp;quot;:&amp;quot;Hewlett-Packard Development Company, L.P.&amp;quot;,&amp;quot;homepageURL&amp;quot;:null},&amp;quot;visible&amp;quot;:false,&amp;quot;active&amp;quot;:false,&amp;quot;userDisabled&amp;quot;:true,&amp;quot;appDisabled&amp;quot;:true,&amp;quot;descriptor&amp;quot;:&amp;quot;F:\\Program Files (x86)\\HP\\Unified Functional Testing\\\\bin\\Mozilla\\Common&amp;quot;,&amp;quot;installDate&amp;quot;:1467712689099,&amp;quot;updateDate&amp;quot;:1467712689099,&amp;quot;applyBackgroundUpdates&amp;quot;:1,&amp;quot;bootstrap&amp;quot;:false,&amp;quot;skinnable&amp;quot;:false,&amp;quot;size&amp;quot;:82858210,&amp;quot;sourceURI&amp;quot;:null,&amp;quot;releaseNotesURI&amp;quot;:null,&amp;quot;softDisabled&amp;quot;:false,&amp;quot;foreignInstall&amp;quot;:true,&amp;quot;hasBinaryComponents&amp;quot;:true,&amp;quot;strictCompatibility&amp;quot;:false,&amp;quot;locales&amp;quot;:[],&amp;quot;targetApplications&amp;quot;:[{&amp;quot;id&amp;quot;:&amp;quot;{ec8030f7-c20a-464f-9b0e-13a3a9e97384}&amp;quot;,&amp;quot;minVersion&amp;quot;:&amp;quot;3.0&amp;quot;,&amp;quot;maxVersion&amp;quot;:&amp;quot;39.*&amp;quot;}],&amp;quot;targetPlatforms&amp;quot;:[],&amp;quot;multiprocessCompatible&amp;quot;:false,&amp;quot;signedState&amp;quot;:0,&amp;quot;seen&amp;quot;:true}
1479716484841	DeferredSave.extensions.json	DEBUG	Save changes
1479716484841	addons.xpi	DEBUG	Updating database with changes to installed add-ons
1479716484841	addons.xpi-utils	DEBUG	Updating add-on states
1479716484844	addons.xpi-utils	DEBUG	Writing add-ons list
1479716484851	addons.xpi	DEBUG	Registering manifest for F:\Program Files (x86)\Mozilla Firefox\browser\features\aushelper@mozilla.org.xpi
1479716484852	addons.xpi	DEBUG	Calling bootstrap method startup on aushelper@mozilla.org version 1.0
1479716484854	addons.xpi	DEBUG	Registering manifest for F:\Program Files (x86)\Mozilla Firefox\browser\features\e10srollout@mozilla.org.xpi
1479716484854	addons.xpi	DEBUG	Calling bootstrap method startup on e10srollout@mozilla.org version 1.5
1479716484855	addons.xpi	DEBUG	Registering manifest for F:\Program Files (x86)\Mozilla Firefox\browser\features\firefox@getpocket.com.xpi
1479716484856	addons.xpi	DEBUG	Calling bootstrap method startup on firefox@getpocket.com version 1.0.5
1479716484857	addons.xpi	DEBUG	Registering manifest for F:\Program Files (x86)\Mozilla Firefox\browser\features\webcompat@mozilla.org.xpi
1479716484858	addons.xpi	DEBUG	Calling bootstrap method startup on webcompat@mozilla.org version 1.0
1479716484860	addons.manager	DEBUG	Registering shutdown blocker for XPIProvider
1479716484860	addons.manager	DEBUG	Provider finished startup: XPIProvider
1479716484860	addons.manager	DEBUG	Starting provider: LightweightThemeManager
1479716484860	addons.manager	DEBUG	Registering shutdown blocker for LightweightThemeManager
1479716484861	addons.manager	DEBUG	Provider finished startup: LightweightThemeManager
1479716484861	addons.manager	DEBUG	Starting provider: GMPProvider
1479716484872	addons.manager	DEBUG	Registering shutdown blocker for GMPProvider
1479716484873	addons.manager	DEBUG	Provider finished startup: GMPProvider
1479716484873	addons.manager	DEBUG	Starting provider: PluginProvider
1479716484873	addons.manager	DEBUG	Registering shutdown blocker for PluginProvider
1479716484873	addons.manager	DEBUG	Provider finished startup: PluginProvider
1479716484874	addons.manager	DEBUG	Completed startup sequence
1479716485429	addons.manager	DEBUG	Starting provider: &amp;lt;unnamed-provider&amp;gt;
1479716485430	addons.manager	DEBUG	Registering shutdown blocker for &amp;lt;unnamed-provider&amp;gt;
1479716485430	addons.manager	DEBUG	Provider finished startup: &amp;lt;unnamed-provider&amp;gt;
1479716485616	DeferredSave.extensions.json	DEBUG	Write succeeded
1479716485616	addons.xpi-utils	DEBUG	XPI Database saved, setting schema version preference to 17
1479716485617	DeferredSave.extensions.json	DEBUG	Starting timer
1479716485636	addons.repository	DEBUG	No addons.json found.
1479716485637	DeferredSave.addons.json	DEBUG	Save changes
1479716485640	DeferredSave.addons.json	DEBUG	Starting timer
1479716485696	addons.manager	DEBUG	Starting provider: PreviousExperimentProvider
1479716485696	addons.manager	DEBUG	Registering shutdown blocker for PreviousExperimentProvider
1479716485696	addons.manager	DEBUG	Provider finished startup: PreviousExperimentProvider
1479716485700	DeferredSave.extensions.json	DEBUG	Starting write
1479716485703	DeferredSave.addons.json	DEBUG	Starting write
1479716485751	DeferredSave.extensions.json	DEBUG	Write succeeded
1479716485762	DeferredSave.addons.json	DEBUG	Write succeeded

Build info: version: &amp;apos;2.53.1&amp;apos;, revision: &amp;apos;a36b8b1&amp;apos;, time: &amp;apos;2016-06-30 17:32:46&amp;apos;
System info: host: &amp;apos;XENAPTCSTEST1&amp;apos;, ip: &amp;apos;10.74.139.112&amp;apos;, os.name: &amp;apos;Windows Server 2008&amp;apos;, os.arch: &amp;apos;x86&amp;apos;, os.version: &amp;apos;6.0&amp;apos;, java.version: &amp;apos;1.7.0_79&amp;apos;
Driver info: driver.version: Execute_Driver">
      <![CDATA[org.openqa.selenium.WebDriverException: Failed to connect to binary FirefoxBinary(F:\Program Files (x86)\Mozilla Firefox\firefox.exe) on port 7055; process output follows: 
al Testing to work with Firefox.","creator":"Hewlett-Packard Development Company, L.P.","homepageURL":null},"visible":false,"active":false,"userDisabled":true,"appDisabled":true,"descriptor":"F:\\Program Files (x86)\\HP\\Unified Functional Testing\\\\bin\\Mozilla\\Common","installDate":1467712689099,"updateDate":1467712689099,"applyBackgroundUpdates":1,"bootstrap":false,"skinnable":false,"size":82858210,"sourceURI":null,"releaseNotesURI":null,"softDisabled":false,"foreignInstall":true,"hasBinaryComponents":true,"strictCompatibility":false,"locales":[],"targetApplications":[{"id":"{ec8030f7-c20a-464f-9b0e-13a3a9e97384}","minVersion":"3.0","maxVersion":"39.*"}],"targetPlatforms":[],"multiprocessCompatible":false,"signedState":0,"seen":true}
1479716484841	DeferredSave.extensions.json	DEBUG	Save changes
1479716484841	addons.xpi	DEBUG	Updating database with changes to installed add-ons
1479716484841	addons.xpi-utils	DEBUG	Updating add-on states
1479716484844	addons.xpi-utils	DEBUG	Writing add-ons list
1479716484851	addons.xpi	DEBUG	Registering manifest for F:\Program Files (x86)\Mozilla Firefox\browser\features\aushelper@mozilla.org.xpi
1479716484852	addons.xpi	DEBUG	Calling bootstrap method startup on aushelper@mozilla.org version 1.0
1479716484854	addons.xpi	DEBUG	Registering manifest for F:\Program Files (x86)\Mozilla Firefox\browser\features\e10srollout@mozilla.org.xpi
1479716484854	addons.xpi	DEBUG	Calling bootstrap method startup on e10srollout@mozilla.org version 1.5
1479716484855	addons.xpi	DEBUG	Registering manifest for F:\Program Files (x86)\Mozilla Firefox\browser\features\firefox@getpocket.com.xpi
1479716484856	addons.xpi	DEBUG	Calling bootstrap method startup on firefox@getpocket.com version 1.0.5
1479716484857	addons.xpi	DEBUG	Registering manifest for F:\Program Files (x86)\Mozilla Firefox\browser\features\webcompat@mozilla.org.xpi
1479716484858	addons.xpi	DEBUG	Calling bootstrap method startup on webcompat@mozilla.org version 1.0
1479716484860	addons.manager	DEBUG	Registering shutdown blocker for XPIProvider
1479716484860	addons.manager	DEBUG	Provider finished startup: XPIProvider
1479716484860	addons.manager	DEBUG	Starting provider: LightweightThemeManager
1479716484860	addons.manager	DEBUG	Registering shutdown blocker for LightweightThemeManager
1479716484861	addons.manager	DEBUG	Provider finished startup: LightweightThemeManager
1479716484861	addons.manager	DEBUG	Starting provider: GMPProvider
1479716484872	addons.manager	DEBUG	Registering shutdown blocker for GMPProvider
1479716484873	addons.manager	DEBUG	Provider finished startup: GMPProvider
1479716484873	addons.manager	DEBUG	Starting provider: PluginProvider
1479716484873	addons.manager	DEBUG	Registering shutdown blocker for PluginProvider
1479716484873	addons.manager	DEBUG	Provider finished startup: PluginProvider
1479716484874	addons.manager	DEBUG	Completed startup sequence
1479716485429	addons.manager	DEBUG	Starting provider: <unnamed-provider>
1479716485430	addons.manager	DEBUG	Registering shutdown blocker for <unnamed-provider>
1479716485430	addons.manager	DEBUG	Provider finished startup: <unnamed-provider>
1479716485616	DeferredSave.extensions.json	DEBUG	Write succeeded
1479716485616	addons.xpi-utils	DEBUG	XPI Database saved, setting schema version preference to 17
1479716485617	DeferredSave.extensions.json	DEBUG	Starting timer
1479716485636	addons.repository	DEBUG	No addons.json found.
1479716485637	DeferredSave.addons.json	DEBUG	Save changes
1479716485640	DeferredSave.addons.json	DEBUG	Starting timer
1479716485696	addons.manager	DEBUG	Starting provider: PreviousExperimentProvider
1479716485696	addons.manager	DEBUG	Registering shutdown blocker for PreviousExperimentProvider
1479716485696	addons.manager	DEBUG	Provider finished startup: PreviousExperimentProvider
1479716485700	DeferredSave.extensions.json	DEBUG	Starting write
1479716485703	DeferredSave.addons.json	DEBUG	Starting write
1479716485751	DeferredSave.extensions.json	DEBUG	Write succeeded
1479716485762	DeferredSave.addons.json	DEBUG	Write succeeded

Build info: version: '2.53.1', revision: 'a36b8b1', time: '2016-06-30 17:32:46'
System info: host: 'XENAPTCSTEST1', ip: '10.74.139.112', os.name: 'Windows Server 2008', os.arch: 'x86', os.version: '6.0', java.version: '1.7.0_79'
Driver info: driver.version: Execute_Driver
	at org.openqa.selenium.firefox.internal.NewProfileExtensionConnection.start(NewProfileExtensionConnection.java:124)
	at org.openqa.selenium.firefox.FirefoxDriver.startClient(FirefoxDriver.java:271)
	at org.openqa.selenium.remote.RemoteWebDriver.<init>(RemoteWebDriver.java:119)
	at org.openqa.selenium.firefox.FirefoxDriver.<init>(FirefoxDriver.java:218)
	at org.openqa.selenium.firefox.FirefoxDriver.<init>(FirefoxDriver.java:211)
	at org.openqa.selenium.firefox.FirefoxDriver.<init>(FirefoxDriver.java:207)
	at org.openqa.selenium.firefox.FirefoxDriver.<init>(FirefoxDriver.java:120)
	at com.yousee.controller.Execute_Driver.browserSelection(Execute_Driver.java:25)
	at com.yousee.test.YoseeFilm.testMovie(YoseeFilm.java:24)
	at sun.reflect.NativeMethodAccessorImpl.invoke0(Native Method)
	at sun.reflect.NativeMethodAccessorImpl.invoke(NativeMethodAccessorImpl.java:57)
	at sun.reflect.DelegatingMethodAccessorImpl.invoke(DelegatingMethodAccessorImpl.java:43)
	at java.lang.reflect.Method.invoke(Method.java:606)
	at org.testng.internal.MethodInvocationHelper.invokeMethod(MethodInvocationHelper.java:85)
	at org.testng.internal.Invoker.invokeMethod(Invoker.java:639)
	at org.testng.internal.Invoker.invokeTestMethod(Invoker.java:816)
	at org.testng.internal.Invoker.invokeTestMethods(Invoker.java:1124)
	at org.testng.internal.TestMethodWorker.invokeTestMethods(TestMethodWorker.java:125)
	at org.testng.internal.TestMethodWorker.run(TestMethodWorker.java:108)
	at org.testng.TestRunner.privateRun(TestRunner.java:774)
	at org.testng.TestRunner.run(TestRunner.java:624)
	at org.testng.SuiteRunner.runTest(SuiteRunner.java:359)
	at org.testng.SuiteRunner.runSequentially(SuiteRunner.java:354)
	at org.testng.SuiteRunner.privateRun(SuiteRunner.java:312)
	at org.testng.SuiteRunner.run(SuiteRunner.java:261)
	at org.testng.SuiteRunnerWorker.runSuite(SuiteRunnerWorker.java:52)
	at org.testng.SuiteRunnerWorker.run(SuiteRunnerWorker.java:86)
	at org.testng.TestNG.runSuitesSequentially(TestNG.java:1215)
	at org.testng.TestNG.runSuitesLocally(TestNG.java:1140)
	at org.testng.TestNG.run(TestNG.java:1048)
	at org.testng.remote.AbstractRemoteTestNG.run(AbstractRemoteTestNG.java:126)
	at org.testng.remote.RemoteTestNG.initAndRun(RemoteTestNG.java:137)
	at org.testng.remote.RemoteTestNG.main(RemoteTestNG.java:58)
Caused by: org.openqa.selenium.firefox.NotConnectedException: Unable to connect to host 127.0.0.1 on port 7055 after 45000 ms. Firefox console output:
al Testing to work with Firefox.","creator":"Hewlett-Packard Development Company, L.P.","homepageURL":null},"visible":false,"active":false,"userDisabled":true,"appDisabled":true,"descriptor":"F:\\Program Files (x86)\\HP\\Unified Functional Testing\\\\bin\\Mozilla\\Common","installDate":1467712689099,"updateDate":1467712689099,"applyBackgroundUpdates":1,"bootstrap":false,"skinnable":false,"size":82858210,"sourceURI":null,"releaseNotesURI":null,"softDisabled":false,"foreignInstall":true,"hasBinaryComponents":true,"strictCompatibility":false,"locales":[],"targetApplications":[{"id":"{ec8030f7-c20a-464f-9b0e-13a3a9e97384}","minVersion":"3.0","maxVersion":"39.*"}],"targetPlatforms":[],"multiprocessCompatible":false,"signedState":0,"seen":true}
1479716484841	DeferredSave.extensions.json	DEBUG	Save changes
1479716484841	addons.xpi	DEBUG	Updating database with changes to installed add-ons
1479716484841	addons.xpi-utils	DEBUG	Updating add-on states
1479716484844	addons.xpi-utils	DEBUG	Writing add-ons list
1479716484851	addons.xpi	DEBUG	Registering manifest for F:\Program Files (x86)\Mozilla Firefox\browser\features\aushelper@mozilla.org.xpi
1479716484852	addons.xpi	DEBUG	Calling bootstrap method startup on aushelper@mozilla.org version 1.0
1479716484854	addons.xpi	DEBUG	Registering manifest for F:\Program Files (x86)\Mozilla Firefox\browser\features\e10srollout@mozilla.org.xpi
1479716484854	addons.xpi	DEBUG	Calling bootstrap method startup on e10srollout@mozilla.org version 1.5
1479716484855	addons.xpi	DEBUG	Registering manifest for F:\Program Files (x86)\Mozilla Firefox\browser\features\firefox@getpocket.com.xpi
1479716484856	addons.xpi	DEBUG	Calling bootstrap method startup on firefox@getpocket.com version 1.0.5
1479716484857	addons.xpi	DEBUG	Registering manifest for F:\Program Files (x86)\Mozilla Firefox\browser\features\webcompat@mozilla.org.xpi
1479716484858	addons.xpi	DEBUG	Calling bootstrap method startup on webcompat@mozilla.org version 1.0
1479716484860	addons.manager	DEBUG	Registering shutdown blocker for XPIProvider
1479716484860	addons.manager	DEBUG	Provider finished startup: XPIProvider
1479716484860	addons.manager	DEBUG	Starting provider: LightweightThemeManager
1479716484860	addons.manager	DEBUG	Registering shutdown blocker for LightweightThemeManager
1479716484861	addons.manager	DEBUG	Provider finished startup: LightweightThemeManager
1479716484861	addons.manager	DEBUG	Starting provider: GMPProvider
1479716484872	addons.manager	DEBUG	Registering shutdown blocker for GMPProvider
1479716484873	addons.manager	DEBUG	Provider finished startup: GMPProvider
1479716484873	addons.manager	DEBUG	Starting provider: PluginProvider
1479716484873	addons.manager	DEBUG	Registering shutdown blocker for PluginProvider
1479716484873	addons.manager	DEBUG	Provider finished startup: PluginProvider
1479716484874	addons.manager	DEBUG	Completed startup sequence
1479716485429	addons.manager	DEBUG	Starting provider: <unnamed-provider>
1479716485430	addons.manager	DEBUG	Registering shutdown blocker for <unnamed-provider>
1479716485430	addons.manager	DEBUG	Provider finished startup: <unnamed-provider>
1479716485616	DeferredSave.extensions.json	DEBUG	Write succeeded
1479716485616	addons.xpi-utils	DEBUG	XPI Database saved, setting schema version preference to 17
1479716485617	DeferredSave.extensions.json	DEBUG	Starting timer
1479716485636	addons.repository	DEBUG	No addons.json found.
1479716485637	DeferredSave.addons.json	DEBUG	Save changes
1479716485640	DeferredSave.addons.json	DEBUG	Starting timer
1479716485696	addons.manager	DEBUG	Starting provider: PreviousExperimentProvider
1479716485696	addons.manager	DEBUG	Registering shutdown blocker for PreviousExperimentProvider
1479716485696	addons.manager	DEBUG	Provider finished startup: PreviousExperimentProvider
1479716485700	DeferredSave.extensions.json	DEBUG	Starting write
1479716485703	DeferredSave.addons.json	DEBUG	Starting write
1479716485751	DeferredSave.extensions.json	DEBUG	Write succeeded
1479716485762	DeferredSave.addons.json	DEBUG	Write succeeded

	at org.openqa.selenium.firefox.internal.NewProfileExtensionConnection.start(NewProfileExtensionConnection.java:112)
	... 32 more
]]>
    </failure>
  </testcase> <!-- testMovie -->
</testsuite> <!-- Default test -->
